/*C11*/SET SCHEMA PUBLIC
DISCONNECT
/*C12*/SET SCHEMA PUBLIC
DISCONNECT
/*C13*/SET SCHEMA PUBLIC
DELETE FROM VISITANTE WHERE ID=5
INSERT INTO VISITANTE VALUES(5,'Martin','321654987','41321654987','martin@unibrasil.com','2020-10-01','1234568')
COMMIT
DISCONNECT
/*C14*/SET SCHEMA PUBLIC
DISCONNECT
/*C15*/SET SCHEMA PUBLIC
INSERT INTO VISITANTE VALUES(6,'Marcelo','12345678','41321654987','teste@teste.com','2020-10-01','9876542')
COMMIT
DISCONNECT
/*C16*/SET SCHEMA PUBLIC
DISCONNECT
/*C17*/SET SCHEMA PUBLIC
DISCONNECT
/*C18*/SET SCHEMA PUBLIC
DELETE FROM VISITANTE WHERE ID=6
COMMIT
DISCONNECT
/*C19*/SET SCHEMA PUBLIC
DISCONNECT
